\BOOKMARK [1][-]{section.1}{I. Definition}{}% 1
\BOOKMARK [2][-]{subsection.1.1}{Project Overview}{section.1}% 2
\BOOKMARK [2][-]{subsection.1.2}{Problem Statement}{section.1}% 3
\BOOKMARK [2][-]{subsection.1.3}{Metrics}{section.1}% 4
\BOOKMARK [1][-]{section.2}{II. Analysis}{}% 5
\BOOKMARK [2][-]{subsection.2.1}{Data Exploration}{section.2}% 6
\BOOKMARK [2][-]{subsection.2.2}{Exploratory Visualisation}{section.2}% 7
\BOOKMARK [2][-]{subsection.2.3}{Algorithms and Techniques}{section.2}% 8
\BOOKMARK [2][-]{subsection.2.4}{Benchmark}{section.2}% 9
\BOOKMARK [1][-]{section.3}{III. Methodology}{}% 10
\BOOKMARK [2][-]{subsection.3.1}{Data Preprocessing}{section.3}% 11
\BOOKMARK [2][-]{subsection.3.2}{Implementation}{section.3}% 12
\BOOKMARK [2][-]{subsection.3.3}{Refinement}{section.3}% 13
\BOOKMARK [1][-]{section.4}{IV. Results}{}% 14
\BOOKMARK [2][-]{subsection.4.1}{Model Evaluation and Validation}{section.4}% 15
\BOOKMARK [2][-]{subsection.4.2}{Justification}{section.4}% 16
\BOOKMARK [1][-]{section.5}{V. Conclusion}{}% 17
\BOOKMARK [2][-]{subsection.5.1}{Free-Form Visualisation}{section.5}% 18
\BOOKMARK [2][-]{subsection.5.2}{Reflection}{section.5}% 19
\BOOKMARK [2][-]{subsection.5.3}{Improvement}{section.5}% 20
\BOOKMARK [1][-]{section.6}{Project Proposal}{}% 21
\BOOKMARK [1][-]{section.7}{Domain Background}{}% 22
\BOOKMARK [1][-]{section.8}{Problem Statement}{}% 23
\BOOKMARK [1][-]{section.9}{Datasets and Inputs}{}% 24
\BOOKMARK [1][-]{section.10}{Solution Statement}{}% 25
\BOOKMARK [1][-]{section.11}{Benchmark model}{}% 26
\BOOKMARK [1][-]{section.12}{Evaluation Metrics}{}% 27
\BOOKMARK [1][-]{section.13}{Project Design}{}% 28
